<?xml version="1.0" encoding="UTF-8"?>
<testng-results ignored="0" total="3" passed="3" failed="0" skipped="0">
  <reporter-output>
  </reporter-output>
  <suite started-at="2025-12-27T14:13:28 GMT+03:00" name="Ecommerce Parallel Suite" finished-at="2025-12-27T14:13:43 GMT+03:00" duration-ms="14351">
    <groups>
    </groups>
    <test started-at="2025-12-27T14:13:28 GMT+03:00" name="Chrome Test - 3" finished-at="2025-12-27T14:13:41 GMT+03:00" duration-ms="12351">
      <class name="com.automation.tests.HomePageTest">
        <test-method is-config="true" signature="setUp(java.lang.String)[pri:0, instance:com.automation.tests.HomePageTest@670002]" started-at="2025-12-27T14:13:28 GMT+03:00" name="setUp" finished-at="2025-12-27T14:13:40 GMT+03:00" duration-ms="12215" status="PASS">
          <params>
            <param index="0">
              <value>
                <![CDATA[chrome]]>
              </value>
            </param>
          </params>
          <reporter-output>
          </reporter-output>
        </test-method> <!-- setUp -->
        <test-method signature="shouldSearchProductFromHomePage()[pri:0, instance:com.automation.tests.HomePageTest@670002]" started-at="2025-12-27T14:13:40 GMT+03:00" name="shouldSearchProductFromHomePage" finished-at="2025-12-27T14:13:40 GMT+03:00" duration-ms="10" status="PASS">
          <reporter-output>
          </reporter-output>
        </test-method> <!-- shouldSearchProductFromHomePage -->
        <test-method is-config="true" signature="tearDown()[pri:0, instance:com.automation.tests.HomePageTest@670002]" started-at="2025-12-27T14:13:40 GMT+03:00" name="tearDown" finished-at="2025-12-27T14:13:41 GMT+03:00" duration-ms="109" status="PASS">
          <reporter-output>
          </reporter-output>
        </test-method> <!-- tearDown -->
      </class> <!-- com.automation.tests.HomePageTest -->
    </test> <!-- Chrome Test - 3 -->
    <test started-at="2025-12-27T14:13:28 GMT+03:00" name="Chrome Test - 1" finished-at="2025-12-27T14:13:42 GMT+03:00" duration-ms="13517">
      <class name="com.automation.tests.HomePageTest">
        <test-method is-config="true" signature="setUp(java.lang.String)[pri:0, instance:com.automation.tests.HomePageTest@22635ba0]" started-at="2025-12-27T14:13:28 GMT+03:00" name="setUp" finished-at="2025-12-27T14:13:42 GMT+03:00" duration-ms="13391" status="PASS">
          <params>
            <param index="0">
              <value>
                <![CDATA[chrome]]>
              </value>
            </param>
          </params>
          <reporter-output>
          </reporter-output>
        </test-method> <!-- setUp -->
        <test-method signature="shouldSearchProductFromHomePage()[pri:0, instance:com.automation.tests.HomePageTest@22635ba0]" started-at="2025-12-27T14:13:42 GMT+03:00" name="shouldSearchProductFromHomePage" finished-at="2025-12-27T14:13:42 GMT+03:00" duration-ms="4" status="PASS">
          <reporter-output>
          </reporter-output>
        </test-method> <!-- shouldSearchProductFromHomePage -->
        <test-method is-config="true" signature="tearDown()[pri:0, instance:com.automation.tests.HomePageTest@22635ba0]" started-at="2025-12-27T14:13:42 GMT+03:00" name="tearDown" finished-at="2025-12-27T14:13:42 GMT+03:00" duration-ms="107" status="PASS">
          <reporter-output>
          </reporter-output>
        </test-method> <!-- tearDown -->
      </class> <!-- com.automation.tests.HomePageTest -->
    </test> <!-- Chrome Test - 1 -->
    <test started-at="2025-12-27T14:13:28 GMT+03:00" name="Chrome Test - 2" finished-at="2025-12-27T14:13:43 GMT+03:00" duration-ms="14351">
      <class name="com.automation.tests.HomePageTest">
        <test-method is-config="true" signature="setUp(java.lang.String)[pri:0, instance:com.automation.tests.HomePageTest@2b6faea6]" started-at="2025-12-27T14:13:28 GMT+03:00" name="setUp" finished-at="2025-12-27T14:13:32 GMT+03:00" duration-ms="3307" status="PASS">
          <params>
            <param index="0">
              <value>
                <![CDATA[chrome]]>
              </value>
            </param>
          </params>
          <reporter-output>
          </reporter-output>
        </test-method> <!-- setUp -->
        <test-method signature="shouldSearchProductFromHomePage()[pri:0, instance:com.automation.tests.HomePageTest@2b6faea6]" started-at="2025-12-27T14:13:32 GMT+03:00" name="shouldSearchProductFromHomePage" finished-at="2025-12-27T14:13:42 GMT+03:00" duration-ms="10922" status="PASS">
          <reporter-output>
          </reporter-output>
        </test-method> <!-- shouldSearchProductFromHomePage -->
        <test-method is-config="true" signature="tearDown()[pri:0, instance:com.automation.tests.HomePageTest@2b6faea6]" started-at="2025-12-27T14:13:42 GMT+03:00" name="tearDown" finished-at="2025-12-27T14:13:43 GMT+03:00" duration-ms="106" status="PASS">
          <reporter-output>
          </reporter-output>
        </test-method> <!-- tearDown -->
      </class> <!-- com.automation.tests.HomePageTest -->
    </test> <!-- Chrome Test - 2 -->
  </suite> <!-- Ecommerce Parallel Suite -->
</testng-results>
