<?xml version="1.0" encoding="UTF-8"?>
<!-- Generated by org.testng.reporters.JUnitReportReporter -->
<testsuite hostname="Hatice-MacBook.local" failures="0" tests="3" name="com.automation.tests.HomePageTest" time="40.171" errors="0" timestamp="2025-12-27T14:13:43 GMT+03:00" skipped="0">
  <testcase classname="com.automation.tests.HomePageTest" name="shouldSearchProductFromHomePage" time="14.335"/>
  <testcase classname="com.automation.tests.HomePageTest" name="shouldSearchProductFromHomePage" time="13.502"/>
  <testcase classname="com.automation.tests.HomePageTest" name="shouldSearchProductFromHomePage" time="12.334"/>
</testsuite> <!-- com.automation.tests.HomePageTest -->
